行 22: 控件 UpDown1 的类 ComCtl2.UpDown 不是一个已加载的控件类。
行 111: 控件 UpDown2 的类 ComCtl2.UpDown 不是一个已加载的控件类。
行 28: 属性名 _ExtentX 在 UpDown1 中是无效的。
行 29: 属性名 _ExtentY 在 UpDown1 中是无效的。
行 30: 属性名 _Version 在 UpDown1 中是无效的。
行 31: 属性名 Value 在 UpDown1 中是无效的。
行 32: 属性名 BuddyControl 在 UpDown1 中是无效的。
行 33: 属性名 BuddyDispid 在 UpDown1 中是无效的。
行 34: 属性名 OrigLeft 在 UpDown1 中是无效的。
行 35: 属性名 OrigTop 在 UpDown1 中是无效的。
行 36: 属性名 OrigRight 在 UpDown1 中是无效的。
行 37: 属性名 OrigBottom 在 UpDown1 中是无效的。
行 38: 属性名 Increment 在 UpDown1 中是无效的。
行 39: 属性名 Max 在 UpDown1 中是无效的。
行 40: 属性名 Min 在 UpDown1 中是无效的。
行 41: 属性名 SyncBuddy 在 UpDown1 中是无效的。
行 42: 属性名 BuddyProperty 在 UpDown1 中是无效的。
行 117: 属性名 _ExtentX 在 UpDown2 中是无效的。
行 118: 属性名 _ExtentY 在 UpDown2 中是无效的。
行 119: 属性名 _Version 在 UpDown2 中是无效的。
行 120: 属性名 Value 在 UpDown2 中是无效的。
行 121: 属性名 BuddyControl 在 UpDown2 中是无效的。
行 122: 属性名 BuddyDispid 在 UpDown2 中是无效的。
行 123: 属性名 OrigLeft 在 UpDown2 中是无效的。
行 124: 属性名 OrigTop 在 UpDown2 中是无效的。
行 125: 属性名 OrigRight 在 UpDown2 中是无效的。
行 126: 属性名 OrigBottom 在 UpDown2 中是无效的。
行 127: 属性名 Max 在 UpDown2 中是无效的。
行 128: 属性名 Min 在 UpDown2 中是无效的。
行 129: 属性名 SyncBuddy 在 UpDown2 中是无效的。
行 130: 属性名 BuddyProperty 在 UpDown2 中是无效的。
