            m.lst            33	 C0  8E  D0  BC  00  7C  FB	Sourcer	v7.00   10-Oct-98  10:42 pm   Page 1


				PAGE  59,132

				;€€€€€€€€€€€€€€€€€€€€€€€€€€€€€€€€€€€€€€€€€€€€€€€€€€€€€€€€€€€€€€€€€€€€€€€€€€
				;€€					                                 €€
				;€€				M	                                 €€
				;€€					                                 €€
				;€€      Created:   10-Oct-98		                                 €€
				;€€      Passes:    5          Analysis	Options on: QRS                  €€
				;€€					                                 €€
				;€€€€€€€€€€€€€€€€€€€€€€€€€€€€€€€€€€€€€€€€€€€€€€€€€€€€€€€€€€€€€€€€€€€€€€€€€€

				.err     Target Assembler set to NONE, re-assembly not recommended


				seg_a		segment	byte public
						assume	cs:seg_a, ds:seg_a


						org	100h

				m		proc	far

944F:0100			start:
944F:0100  20 20 33 33 20 20			db	'  33  C0  8E  D0  BC  00  7C  FB'
944F:0106  43 30 20 20 38 45
944F:010C  20 20 44 30 20 20
944F:0112  42 43 20 20 30 30
944F:0118  20 20 37 43 20 20
944F:011E  46 42
944F:0120  20 20 35 30 20 20			db	'  50  07  50  1F  FC  BE  1B  7C'
944F:0126  30 37 20 20 35 30
944F:012C  20 20 31 46 20 20
944F:0132  46 43 20 20 42 45
944F:0138  20 20 31 42 20 20
944F:013E  37 43
944F:0140  0D 0A 20 20 42 46			db	0Dh, 0Ah, '  BF  1B  06  50  57  '
944F:0146  20 20 31 42 20 20
944F:014C  30 36 20 20 35 30
944F:0152  20 20 35 37 20 20
944F:0158  42 39 20 20 45 35			db	'B9  E5  01  F3  A4  CB  BE  BE  '
944F:015E  20 20 30 31 20 20
944F:0164  46 33 20 20 41 34
944F:016A  20 20 43 42 20 20
944F:0170  42 45 20 20 42 45
944F:0176  20 20
944F:0178  30 37 20 20 42 31			db	'07  B1  04', 0Dh, 0Ah, '  38  2C'
944F:017E  20 20 30 34 0D 0A
944F:0184  20 20 33 38 20 20
944F:018A  32 43
944F:018C  20 20 37 43 20 20			db	'  7C  09  75  15  83  C6  10  E2'
944F:0192  30 39 20 20 37 35
944F:0198  20 20 31 35 20 20
944F:019E  38 33 20 20 43 36
944F:01A4  20 20 31 30 20 20
944F:01AA  45 32
944F:01AC  20 20 46 35 20 20			db	'  F5  CD  18  8B  14  8B', 0Dh, 0Ah
           m.lst            33	 C0  8E  D0  BC  00  7C  FB	Sourcer	v7.00   10-Oct-98  10:42 pm   Page 2

944F:01B2  43 44 20 20 31 38
944F:01B8  20 20 38 42 20 20
944F:01BE  31 34 20 20 38 42
944F:01C4  0D 0A
944F:01C6  20 20 45 45 20 20			db	'  EE  83  C6  10  49  74  16  38'
944F:01CC  38 33 20 20 43 36
944F:01D2  20 20 31 30 20 20
944F:01D8  34 39 20 20 37 34
944F:01DE  20 20 31 36 20 20
944F:01E4  33 38
944F:01E6  20 20 32 43 20 20			db	'  2C  74  F6  BE  10  07  4E  AC'
944F:01EC  37 34 20 20 46 36
944F:01F2  20 20 42 45 20 20
944F:01F8  31 30 20 20 30 37
944F:01FE  20 20 34 45 20 20
944F:0204  41 43
944F:0206  0D 0A 20 20 33 43			db	0Dh, 0Ah, '  3C  00  74  FA  BB  '
944F:020C  20 20 30 30 20 20
944F:0212  37 34 20 20 46 41
944F:0218  20 20 42 42 20 20
944F:021E  30 37 20 20 30 30			db	'07  00  B4  0E  CD  10  EB  F2  '
944F:0224  20 20 42 34 20 20
944F:022A  30 45 20 20 43 44
944F:0230  20 20 31 30 20 20
944F:0236  45 42 20 20 46 32
944F:023C  20 20
944F:023E  38 39 20 20 34 36			db	'89  46  25', 0Dh, 0Ah, '  96  8A'
944F:0244  20 20 32 35 0D 0A
944F:024A  20 20 39 36 20 20
944F:0250  38 41
944F:0252  20 20 34 36 20 20			db	'  46  04  B4  06  3C  0E  74  11'
944F:0258  30 34 20 20 42 34
944F:025E  20 20 30 36 20 20
944F:0264  33 43 20 20 30 45
944F:026A  20 20 37 34 20 20
944F:0270  31 31
944F:0272  20 20 42 34 20 20			db	'  B4  0B  3C  0C  74  05', 0Dh, 0Ah
944F:0278  30 42 20 20 33 43
944F:027E  20 20 30 43 20 20
944F:0284  37 34 20 20 30 35
944F:028A  0D 0A
944F:028C  20 20 33 41 20 20			db	'  3A  C4  75  2B  40  C6  46  25'
944F:0292  43 34 20 20 37 35
944F:0298  20 20 32 42 20 20
944F:029E  34 30 20 20 43 36
944F:02A4  20 20 34 36 20 20
944F:02AA  32 35
944F:02AC  20 20 30 36 20 20			db	'  06  75  24  BB  AA  55  50  B4'
944F:02B2  37 35 20 20 32 34
944F:02B8  20 20 42 42 20 20
944F:02BE  41 41 20 20 35 35
944F:02C4  20 20 35 30 20 20
944F:02CA  42 34
944F:02CC  0D 0A 20 20 34 31			db	0Dh, 0Ah, '  41  CD  13  58  72  '
944F:02D2  20 20 43 44 20 20
944F:02D8  31 33 20 20 35 38
944F:02DE  20 20 37 32 20 20
           m.lst            33	 C0  8E  D0  BC  00  7C  FB	Sourcer	v7.00   10-Oct-98  10:42 pm   Page 3

944F:02E4  31 36 20 20 38 31			db	'16  81  FB  55  AA  75  10  F6  '
944F:02EA  20 20 46 42 20 20
944F:02F0  35 35 20 20 41 41
944F:02F6  20 20 37 35 20 20
944F:02FC  31 30 20 20 46 36
944F:0302  20 20
944F:0304  43 31 20 20 30 31			db	'C1  01  74', 0Dh, 0Ah, '  0B  8A'
944F:030A  20 20 37 34 0D 0A
944F:0310  20 20 30 42 20 20
944F:0316  38 41
944F:0318  20 20 45 30 20 20			db	'  E0  88  56  24  C7  06  A1  06'
944F:031E  38 38 20 20 35 36
944F:0324  20 20 32 34 20 20
944F:032A  43 37 20 20 30 36
944F:0330  20 20 41 31 20 20
944F:0336  30 36
944F:0338  20 20 45 42 20 20			db	'  EB  1E  88  66  04  BF', 0Dh, 0Ah
944F:033E  31 45 20 20 38 38
944F:0344  20 20 36 36 20 20
944F:034A  30 34 20 20 42 46
944F:0350  0D 0A
944F:0352  20 20 30 41 20 20			db	'  0A  00  B8  01  02  8B  DC  33'
944F:0358  30 30 20 20 42 38
944F:035E  20 20 30 31 20 20
944F:0364  30 32 20 20 38 42
944F:036A  20 20 44 43 20 20
944F:0370  33 33
944F:0372  20 20 43 39 20 20			db	'  C9  83  FF  05  7F  03  8B  4E'
944F:0378  38 33 20 20 46 46
944F:037E  20 20 30 35 20 20
944F:0384  37 46 20 20 30 33
944F:038A  20 20 38 42 20 20
944F:0390  34 45
944F:0392  0D 0A 20 20 32 35			db	0Dh, 0Ah, '  25  03  4E  02  CD  '
944F:0398  20 20 30 33 20 20
944F:039E  34 45 20 20 30 32
944F:03A4  20 20 43 44 20 20
944F:03AA  31 33 20 20 37 32			db	'13  72  29  BE  2D  07  81  3E  '
944F:03B0  20 20 32 39 20 20
944F:03B6  42 45 20 20 32 44
944F:03BC  20 20 30 37 20 20
944F:03C2  38 31 20 20 33 45
944F:03C8  20 20
944F:03CA  46 45 20 20 37 44			db	'FE  7D  55', 0Dh, 0Ah, '  AA  74'
944F:03D0  20 20 35 35 0D 0A
944F:03D6  20 20 41 41 20 20
944F:03DC  37 34
944F:03DE  20 20 35 41 20 20			db	'  5A  83  EF  05  7F  DA  85  F6'
944F:03E4  38 33 20 20 45 46
944F:03EA  20 20 30 35 20 20
944F:03F0  37 46 20 20 44 41
944F:03F6  20 20 38 35 20 20
944F:03FC  46 36
944F:03FE  20 20 37 35 20 20			db	'  75  83  BE  1A  07  EB', 0Dh, 0Ah
944F:0404  38 33 20 20 42 45
944F:040A  20 20 31 41 20 20
944F:0410  30 37 20 20 45 42
           m.lst            33	 C0  8E  D0  BC  00  7C  FB	Sourcer	v7.00   10-Oct-98  10:42 pm   Page 4

944F:0416  0D 0A
944F:0418  20 20 38 41 20 20			db	'  8A  98  91  52  99  03  46  08'
944F:041E  39 38 20 20 39 31
944F:0424  20 20 35 32 20 20
944F:042A  39 39 20 20 30 33
944F:0430  20 20 34 36 20 20
944F:0436  30 38
944F:0438  20 20 31 33 20 20			db	'  13  56  0A  E8  12  00  5A  EB'
944F:043E  35 36 20 20 30 41
944F:0444  20 20 45 38 20 20
944F:044A  31 32 20 20 30 30
944F:0450  20 20 35 41 20 20
944F:0456  45 42
944F:0458  0D 0A 20 20 44 35			db	0Dh, 0Ah, '  D5  4F  74  E4  33  '
944F:045E  20 20 34 46 20 20
944F:0464  37 34 20 20 45 34
944F:046A  20 20 33 33 20 20
944F:0470  43 30 20 20 43 44			db	'C0  CD  13  EB  B8  00  00  80  '
944F:0476  20 20 31 33 20 20
944F:047C  45 42 20 20 42 38
944F:0482  20 20 30 30 20 20
944F:0488  30 30 20 20 38 30
944F:048E  20 20
944F:0490  30 38 20 20 32 37			db	'08  27  18', 0Dh, 0Ah, '  56  33'
944F:0496  20 20 31 38 0D 0A
944F:049C  20 20 35 36 20 20
944F:04A2  33 33
944F:04A4  20 20 46 36 20 20			db	'  F6  56  56  52  50  06  53  51'
944F:04AA  35 36 20 20 35 36
944F:04B0  20 20 35 32 20 20
944F:04B6  35 30 20 20 30 36
944F:04BC  20 20 35 33 20 20
944F:04C2  35 31
944F:04C4  20 20 42 45 20 20			db	'  BE  10  00  56  8B  F4', 0Dh, 0Ah
944F:04CA  31 30 20 20 30 30
944F:04D0  20 20 35 36 20 20
944F:04D6  38 42 20 20 46 34
944F:04DC  0D 0A
944F:04DE  20 20 35 30 20 20			db	'  50  52  B8  00  42  8A  56  24'
944F:04E4  35 32 20 20 42 38
944F:04EA  20 20 30 30 20 20
944F:04F0  34 32 20 20 38 41
944F:04F6  20 20 35 36 20 20
944F:04FC  32 34
944F:04FE  20 20 43 44 20 20			db	'  CD  13  5A  58  8D  64  10  72'
944F:0504  31 33 20 20 35 41
944F:050A  20 20 35 38 20 20
944F:0510  38 44 20 20 36 34
944F:0516  20 20 31 30 20 20
944F:051C  37 32
944F:051E  0D 0A 20 20 30 41			db	0Dh, 0Ah, '  0A  40  75  01  42  '
944F:0524  20 20 34 30 20 20
944F:052A  37 35 20 20 30 31
944F:0530  20 20 34 32 20 20
944F:0536  38 30 20 20 43 37			db	'80  C7  02  E2  F7  F8  5E  C3  '
944F:053C  20 20 30 32 20 20
944F:0542  45 32 20 20 46 37
           m.lst            33	 C0  8E  D0  BC  00  7C  FB	Sourcer	v7.00   10-Oct-98  10:42 pm   Page 5

944F:0548  20 20 46 38 20 20
944F:054E  35 45 20 20 43 33
944F:0554  20 20
944F:0556  45 42 20 20 37 34			db	'EB  74  B7', 0Dh, 0Ah, '  D6  C7'
944F:055C  20 20 42 37 0D 0A
944F:0562  20 20 44 36 20 20
944F:0568  43 37
944F:056A  20 20 46 38 20 20			db	'  F8  B1  ED  CE  DE  D0  A7  00'
944F:0570  42 31 20 20 45 44
944F:0576  20 20 43 45 20 20
944F:057C  44 45 20 20 44 30
944F:0582  20 20 41 37 20 20
944F:0588  30 30
944F:058A  20 20 42 43 20 20			db	'  BC  D3  D4  D8  B2  D9', 0Dh, 0Ah
944F:0590  44 33 20 20 44 34
944F:0596  20 20 44 38 20 20
944F:059C  42 32 20 20 44 39
944F:05A2  0D 0A
944F:05A4  20 20 44 37 20 20			db	'  D7  F7  CF  B5  CD  B3  CA  B1'
944F:05AA  46 37 20 20 43 46
944F:05B0  20 20 42 35 20 20
944F:05B6  43 44 20 20 42 33
944F:05BC  20 20 43 41 20 20
944F:05C2  42 31
944F:05C4  20 20 42 33 20 20			db	'  B3  F6  B4  ED  00  4D  69  73'
944F:05CA  46 36 20 20 42 34
944F:05D0  20 20 45 44 20 20
944F:05D6  30 30 20 20 34 44
944F:05DC  20 20 36 39 20 20
944F:05E2  37 33
944F:05E4  0D 0A 20 20 37 33			db	0Dh, 0Ah, '  73  69  6E  67  20  '
944F:05EA  20 20 36 39 20 20
944F:05F0  36 45 20 20 36 37
944F:05F6  20 20 32 30 20 20
944F:05FC  36 46 20 20 37 30			db	'6F  70  65  72  61  74  69  6E  '
944F:0602  20 20 36 35 20 20
944F:0608  37 32 20 20 36 31
944F:060E  20 20 37 34 20 20
944F:0614  36 39 20 20 36 45
944F:061A  20 20
944F:061C  36 37 20 20 32 30			db	'67  20  73', 0Dh, 0Ah, '  79  73'
944F:0622  20 20 37 33 0D 0A
944F:0628  20 20 37 39 20 20
944F:062E  37 33
944F:0630  20 20 37 34 20 20			db	'  74  65  6D  00  00  00  00  00'
944F:0636  36 35 20 20 36 44
944F:063C  20 20 30 30 20 20
944F:0642  30 30 20 20 30 30
944F:0648  20 20 30 30 20 20
944F:064E  30 30
944F:0650  20 20 30 30 20 20			db	'  00  00  00  00  00  00', 0Dh, 0Ah
944F:0656  30 30 20 20 30 30
944F:065C  20 20 30 30 20 20
944F:0662  30 30 20 20 30 30
944F:0668  0D 0A
944F:066A  20 20 30 30 20 20			db	'  00  00  00  00  00  00  00  00'
944F:0670  30 30 20 20 30 30
           m.lst            33	 C0  8E  D0  BC  00  7C  FB	Sourcer	v7.00   10-Oct-98  10:42 pm   Page 6

944F:0676  20 20 30 30 20 20
944F:067C  30 30 20 20 30 30
944F:0682  20 20 30 30 20 20
944F:0688  30 30
944F:068A  20 20 30 30 20 20			db	'  00  00  00  00  00  00  00  00'
944F:0690  30 30 20 20 30 30
944F:0696  20 20 30 30 20 20
944F:069C  30 30 20 20 30 30
944F:06A2  20 20 30 30 20 20
944F:06A8  30 30
944F:06AA  0D 0A 20 20 30 30			db	0Dh, 0Ah, '  00  00  00  00  00  '
944F:06B0  20 20 30 30 20 20
944F:06B6  30 30 20 20 30 30
944F:06BC  20 20 30 30 20 20
944F:06C2  30 30 20 20 30 30			db	'00  00  00  00  00  00  00  00  '
944F:06C8  20 20 30 30 20 20
944F:06CE  30 30 20 20 30 30
944F:06D4  20 20 30 30 20 20
944F:06DA  30 30 20 20 30 30
944F:06E0  20 20
944F:06E2  30 30 20 20 30 30			db	'00  00  00', 0Dh, 0Ah, '  00  00'
944F:06E8  20 20 30 30 0D 0A
944F:06EE  20 20 30 30 20 20
944F:06F4  30 30
944F:06F6  20 20 30 30 20 20			db	'  00  00  00  00  00  00  00  00'
944F:06FC  30 30 20 20 30 30
944F:0702  20 20 30 30 20 20
944F:0708  30 30 20 20 30 30
944F:070E  20 20 30 30 20 20
944F:0714  30 30
944F:0716  20 20 30 30 20 20			db	'  00  00  00  00  00  00', 0Dh, 0Ah
944F:071C  30 30 20 20 30 30
944F:0722  20 20 30 30 20 20
944F:0728  30 30 20 20 30 30
944F:072E  0D 0A
944F:0730  20 20 30 30 20 20			db	'  00  00  00  8B  FC  1E  57  8B'
944F:0736  30 30 20 20 30 30
944F:073C  20 20 38 42 20 20
944F:0742  46 43 20 20 31 45
944F:0748  20 20 35 37 20 20
944F:074E  38 42
944F:0750  20 20 46 35 20 20			db	'  F5  CB  00  00  00  00  00  00'
944F:0756  43 42 20 20 30 30
944F:075C  20 20 30 30 20 20
944F:0762  30 30 20 20 30 30
944F:0768  20 20 30 30 20 20
944F:076E  30 30
944F:0770  0D 0A 20 20 30 30			db	0Dh, 0Ah, '  00  00  00  00  00  '
944F:0776  20 20 30 30 20 20
944F:077C  30 30 20 20 30 30
944F:0782  20 20 30 30 20 20
944F:0788  30 30 20 20 30 30			db	'00  00  00  00  00  00  00  00  '
944F:078E  20 20 30 30 20 20
944F:0794  30 30 20 20 30 30
944F:079A  20 20 30 30 20 20
944F:07A0  30 30 20 20 30 30
944F:07A6  20 20
           m.lst            33	 C0  8E  D0  BC  00  7C  FB	Sourcer	v7.00   10-Oct-98  10:42 pm   Page 7

944F:07A8  30 30 20 20 30 30			db	'00  00  00', 0Dh, 0Ah, '  00  00'
944F:07AE  20 20 30 30 0D 0A
944F:07B4  20 20 30 30 20 20
944F:07BA  30 30
944F:07BC  20 20 30 30 20 20			db	'  00  00  00  00  00  00  00  00'
944F:07C2  30 30 20 20 30 30
944F:07C8  20 20 30 30 20 20
944F:07CE  30 30 20 20 30 30
944F:07D4  20 20 30 30 20 20
944F:07DA  30 30
944F:07DC  20 20 30 30 20 20			db	'  00  00  00  00  00  00', 0Dh, 0Ah
944F:07E2  30 30 20 20 30 30
944F:07E8  20 20 30 30 20 20
944F:07EE  30 30 20 20 30 30
944F:07F4  0D 0A
944F:07F6  20 20 30 30 20 20			db	'  00  00  00  00  00  00  00  00'
944F:07FC  30 30 20 20 30 30
944F:0802  20 20 30 30 20 20
944F:0808  30 30 20 20 30 30
944F:080E  20 20 30 30 20 20
944F:0814  30 30
944F:0816  20 20 30 30 20 20			db	'  00  00  00  00  00  00  80  01'
944F:081C  30 30 20 20 30 30
944F:0822  20 20 30 30 20 20
944F:0828  30 30 20 20 30 30
944F:082E  20 20 38 30 20 20
944F:0834  30 31
944F:0836  0D 0A 20 20 30 31			db	0Dh, 0Ah, '  01  00  06  3F  7F  '
944F:083C  20 20 30 30 20 20
944F:0842  30 36 20 20 33 46
944F:0848  20 20 37 46 20 20
944F:084E  36 33 20 20 33 46			db	'63  3F  00  00  00  C1  E6  15  '
944F:0854  20 20 30 30 20 20
944F:085A  30 30 20 20 30 30
944F:0860  20 20 43 31 20 20
944F:0866  45 36 20 20 31 35
944F:086C  20 20
944F:086E  30 30 20 20 30 30			db	'00  00  00', 0Dh, 0Ah, '  41  64'
944F:0874  20 20 30 30 0D 0A
944F:087A  20 20 34 31 20 20
944F:0880  36 34
944F:0882  20 20 30 46 20 20			db	'  0F  3F  FF  29  00  E7  15  00'
944F:0888  33 46 20 20 46 46
944F:088E  20 20 32 39 20 20
944F:0894  30 30 20 20 45 37
944F:089A  20 20 31 35 20 20
944F:08A0  30 30
944F:08A2  20 20 34 30 20 20			db	'  40  FE  1B  00  00  00', 0Dh, 0Ah
944F:08A8  46 45 20 20 31 42
944F:08AE  20 20 30 30 20 20
944F:08B4  30 30 20 20 30 30
944F:08BA  0D 0A
944F:08BC  20 20 30 30 20 20			db	'  00  00  00  00  00  00  00  00'
944F:08C2  30 30 20 20 30 30
944F:08C8  20 20 30 30 20 20
944F:08CE  30 30 20 20 30 30
944F:08D4  20 20 30 30 20 20
           m.lst            33	 C0  8E  D0  BC  00  7C  FB	Sourcer	v7.00   10-Oct-98  10:42 pm   Page 8

944F:08DA  30 30
944F:08DC  20 20 30 30 20 20			db	'  00  00  00  00  00  00  00  00'
944F:08E2  30 30 20 20 30 30
944F:08E8  20 20 30 30 20 20
944F:08EE  30 30 20 20 30 30
944F:08F4  20 20 30 30 20 20
944F:08FA  30 30
944F:08FC  0D 0A 20 20 30 30			db	0Dh, 0Ah, '  00  00  00  00  00  '
944F:0902  20 20 30 30 20 20
944F:0908  30 30 20 20 30 30
944F:090E  20 20 30 30 20 20
944F:0914  30 30 20 20 30 30			db	'00  00  00  00  00  00  00  00  '
944F:091A  20 20 30 30 20 20
944F:0920  30 30 20 20 30 30
944F:0926  20 20 30 30 20 20
944F:092C  30 30 20 20 30 30
944F:0932  20 20
944F:0934  30 30 20 20 35 35			db	'00  55  AA', 0Dh, 0Ah, '        '
944F:093A  20 20 41 41 0D 0A
944F:0940  20 20 20 20 20 20
944F:0946  20 20
944F:0948  20 20 20 20 20 20			db	'                                '
944F:094E  20 20 20 20 20 20
944F:0954  20 20 20 20 20 20
944F:095A  20 20 20 20 20 20
944F:0960  20 20 20 20 20 20
944F:0966  20 20
944F:0968  20 20 20 20 20 20			db	'                        ', 0Dh, 0Ah
944F:096E  20 20 20 20 20 20
944F:0974  20 20 20 20 20 20
944F:097A  20 20 20 20 20 20
944F:0980  0D 0A
944F:0982  20 20 20 20 20 20			db	'                                '
944F:0988  20 20 20 20 20 20
944F:098E  20 20 20 20 20 20
944F:0994  20 20 20 20 20 20
944F:099A  20 20 20 20 20 20
944F:09A0  20 20
944F:09A2  20 20 20 20 20 20			db	'                                '
944F:09A8  20 20 20 20 20 20
944F:09AE  20 20 20 20 20 20
944F:09B4  20 20 20 20 20 20
944F:09BA  20 20 20 20 20 20
944F:09C0  20 20
944F:09C2  0D 0A 20 20 20 20			db	0Dh, 0Ah, '                      '
944F:09C8  20 20 20 20 20 20
944F:09CE  20 20 20 20 20 20
944F:09D4  20 20 20 20 20 20
944F:09DA  20 20 20 20 20 20			db	'                                '
944F:09E0  20 20 20 20 20 20
944F:09E6  20 20 20 20 20 20
944F:09EC  20 20 20 20 20 20
944F:09F2  20 20 20 20 20 20
944F:09F8  20 20
944F:09FA  20 20 20 20 20 20			db	'          ', 0Dh, 0Ah, '        '
944F:0A00  20 20 20 20 0D 0A
944F:0A06  20 20 20 20 20 20
           m.lst            33	 C0  8E  D0  BC  00  7C  FB	Sourcer	v7.00   10-Oct-98  10:42 pm   Page 9

944F:0A0C  20 20
944F:0A0E  20 20 20 20 20 20			db	'                                '
944F:0A14  20 20 20 20 20 20
944F:0A1A  20 20 20 20 20 20
944F:0A20  20 20 20 20 20 20
944F:0A26  20 20 20 20 20 20
944F:0A2C  20 20
944F:0A2E  20 20 20 20 20 20			db	'                        ', 0Dh, 0Ah
944F:0A34  20 20 20 20 20 20
944F:0A3A  20 20 20 20 20 20
944F:0A40  20 20 20 20 20 20
944F:0A46  0D 0A
944F:0A48  20 20 20 20 20 20			db	'                                '
944F:0A4E  20 20 20 20 20 20
944F:0A54  20 20 20 20 20 20
944F:0A5A  20 20 20 20 20 20
944F:0A60  20 20 20 20 20 20
944F:0A66  20 20
944F:0A68  20 20 20 20 20 20			db	'                                '
944F:0A6E  20 20 20 20 20 20
944F:0A74  20 20 20 20 20 20
944F:0A7A  20 20 20 20 20 20
944F:0A80  20 20 20 20 20 20
944F:0A86  20 20
944F:0A88  0D 0A 20 20 20 20			db	0Dh, 0Ah, '                      '
944F:0A8E  20 20 20 20 20 20
944F:0A94  20 20 20 20 20 20
944F:0A9A  20 20 20 20 20 20
944F:0AA0  20 20 20 20 20 20			db	'                                '
944F:0AA6  20 20 20 20 20 20
944F:0AAC  20 20 20 20 20 20
944F:0AB2  20 20 20 20 20 20
944F:0AB8  20 20 20 20 20 20
944F:0ABE  20 20
944F:0AC0  20 20 20 20 20 20			db	'          ', 0Dh, 0Ah, '        '
944F:0AC6  20 20 20 20 0D 0A
944F:0ACC  20 20 20 20 20 20
944F:0AD2  20 20
944F:0AD4  20 20 20 20 20 20			db	'                                '
944F:0ADA  20 20 20 20 20 20
944F:0AE0  20 20 20 20 20 20
944F:0AE6  20 20 20 20 20 20
944F:0AEC  20 20 20 20 20 20
944F:0AF2  20 20
944F:0AF4  20 20 20 20 20 20			db	'                        ', 0Dh, 0Ah
944F:0AFA  20 20 20 20 20 20
944F:0B00  20 20 20 20 20 20
944F:0B06  20 20 20 20 20 20
944F:0B0C  0D 0A
944F:0B0E  20 20 20 20 20 20			db	'                                '
944F:0B14  20 20 20 20 20 20
944F:0B1A  20 20 20 20 20 20
944F:0B20  20 20 20 20 20 20
944F:0B26  20 20 20 20 20 20
944F:0B2C  20 20
944F:0B2E  20 20 20 20 20 20			db	'                                '
944F:0B34  20 20 20 20 20 20
           m.lst            33	 C0  8E  D0  BC  00  7C  FB	Sourcer	v7.00   10-Oct-98  10:42 pm   Page 10

944F:0B3A  20 20 20 20 20 20
944F:0B40  20 20 20 20 20 20
944F:0B46  20 20 20 20 20 20
944F:0B4C  20 20
944F:0B4E  0D 0A 20 20 20 20			db	0Dh, 0Ah, '                      '
944F:0B54  20 20 20 20 20 20
944F:0B5A  20 20 20 20 20 20
944F:0B60  20 20 20 20 20 20
944F:0B66  20 20 20 20 20 20			db	'                                '
944F:0B6C  20 20 20 20 20 20
944F:0B72  20 20 20 20 20 20
944F:0B78  20 20 20 20 20 20
944F:0B7E  20 20 20 20 20 20
944F:0B84  20 20
944F:0B86  20 20 20 20 20 20			db	'          ', 0Dh, 0Ah, '        '
944F:0B8C  20 20 20 20 0D 0A
944F:0B92  20 20 20 20 20 20
944F:0B98  20 20
944F:0B9A  20 20 20 20 20 20			db	'                                '
944F:0BA0  20 20 20 20 20 20
944F:0BA6  20 20 20 20 20 20
944F:0BAC  20 20 20 20 20 20
944F:0BB2  20 20 20 20 20 20
944F:0BB8  20 20
944F:0BBA  20 20 20 20 20 20			db	'                        ', 0Dh, 0Ah
944F:0BC0  20 20 20 20 20 20
944F:0BC6  20 20 20 20 20 20
944F:0BCC  20 20 20 20 20 20
944F:0BD2  0D 0A
944F:0BD4  20 20 20 20 20 20			db	'                                '
944F:0BDA  20 20 20 20 20 20
944F:0BE0  20 20 20 20 20 20
944F:0BE6  20 20 20 20 20 20
944F:0BEC  20 20 20 20 20 20
944F:0BF2  20 20
944F:0BF4  20 20 20 20 20 20			db	'                                '
944F:0BFA  20 20 20 20 20 20
944F:0C00  20 20 20 20 20 20
944F:0C06  20 20 20 20 20 20
944F:0C0C  20 20 20 20 20 20
944F:0C12  20 20
944F:0C14  0D 0A 20 20 20 20			db	0Dh, 0Ah, '                      '
944F:0C1A  20 20 20 20 20 20
944F:0C20  20 20 20 20 20 20
944F:0C26  20 20 20 20 20 20
944F:0C2C  20 20 20 20 20 20			db	'                                '
944F:0C32  20 20 20 20 20 20
944F:0C38  20 20 20 20 20 20
944F:0C3E  20 20 20 20 20 20
944F:0C44  20 20 20 20 20 20
944F:0C4A  20 20
944F:0C4C  20 20 20 20 20 20			db	'          ', 0Dh, 0Ah, '        '
944F:0C52  20 20 20 20 0D 0A
944F:0C58  20 20 20 20 20 20
944F:0C5E  20 20
944F:0C60  20 20 20 20 20 20			db	'                                '
944F:0C66  20 20 20 20 20 20
           m.lst            33	 C0  8E  D0  BC  00  7C  FB	Sourcer	v7.00   10-Oct-98  10:42 pm   Page 11

944F:0C6C  20 20 20 20 20 20
944F:0C72  20 20 20 20 20 20
944F:0C78  20 20 20 20 20 20
944F:0C7E  20 20
944F:0C80  20 20 20 20 20 20			db	'                        ', 0Dh, 0Ah
944F:0C86  20 20 20 20 20 20
944F:0C8C  20 20 20 20 20 20
944F:0C92  20 20 20 20 20 20
944F:0C98  0D 0A
944F:0C9A  20 20 20 20 20 20			db	'                                '
944F:0CA0  20 20 20 20 20 20
944F:0CA6  20 20 20 20 20 20
944F:0CAC  20 20 20 20 20 20
944F:0CB2  20 20 20 20 20 20
944F:0CB8  20 20
944F:0CBA  20 20 20 20 20 20			db	'                                '
944F:0CC0  20 20 20 20 20 20
944F:0CC6  20 20 20 20 20 20
944F:0CCC  20 20 20 20 20 20
944F:0CD2  20 20 20 20 20 20
944F:0CD8  20 20
944F:0CDA  0D 0A 20 20 20 20			db	0Dh, 0Ah, '                      '
944F:0CE0  20 20 20 20 20 20
944F:0CE6  20 20 20 20 20 20
944F:0CEC  20 20 20 20 20 20
944F:0CF2  20 20 20 20 20 20			db	'                                '
944F:0CF8  20 20 20 20 20 20
944F:0CFE  20 20 20 20 20 20
944F:0D04  20 20 20 20 20 20
944F:0D0A  20 20 20 20 20 20
944F:0D10  20 20
944F:0D12  20 20 20 20 20 20			db	'          ', 0Dh, 0Ah, '        '
944F:0D18  20 20 20 20 0D 0A
944F:0D1E  20 20 20 20 20 20
944F:0D24  20 20
944F:0D26  20 20 20 20 20 20			db	'                                '
944F:0D2C  20 20 20 20 20 20
944F:0D32  20 20 20 20 20 20
944F:0D38  20 20 20 20 20 20
944F:0D3E  20 20 20 20 20 20
944F:0D44  20 20
944F:0D46  20 20 20 20 20 20			db	'                        ', 0Dh, 0Ah
944F:0D4C  20 20 20 20 20 20
944F:0D52  20 20 20 20 20 20
944F:0D58  20 20 20 20 20 20
944F:0D5E  0D 0A
944F:0D60  20 20 20 20 20 20			db	'                                '
944F:0D66  20 20 20 20 20 20
944F:0D6C  20 20 20 20 20 20
944F:0D72  20 20 20 20 20 20
944F:0D78  20 20 20 20 20 20
944F:0D7E  20 20
944F:0D80  20 20 20 20 20 20			db	'                                '
944F:0D86  20 20 20 20 20 20
944F:0D8C  20 20 20 20 20 20
944F:0D92  20 20 20 20 20 20
944F:0D98  20 20 20 20 20 20
           m.lst            33	 C0  8E  D0  BC  00  7C  FB	Sourcer	v7.00   10-Oct-98  10:42 pm   Page 12

944F:0D9E  20 20
944F:0DA0  0D 0A 20 20 20 20			db	0Dh, 0Ah, '                      '
944F:0DA6  20 20 20 20 20 20
944F:0DAC  20 20 20 20 20 20
944F:0DB2  20 20 20 20 20 20
944F:0DB8  20 20 20 20 20 20			db	'                                '
944F:0DBE  20 20 20 20 20 20
944F:0DC4  20 20 20 20 20 20
944F:0DCA  20 20 20 20 20 20
944F:0DD0  20 20 20 20 20 20
944F:0DD6  20 20
944F:0DD8  20 20 20 20 20 20			db	'          ', 0Dh, 0Ah, '        '
944F:0DDE  20 20 20 20 0D 0A
944F:0DE4  20 20 20 20 20 20
944F:0DEA  20 20
944F:0DEC  20 20 20 20 20 20			db	'                                '
944F:0DF2  20 20 20 20 20 20
944F:0DF8  20 20 20 20 20 20
944F:0DFE  20 20 20 20 20 20
944F:0E04  20 20 20 20 20 20
944F:0E0A  20 20
944F:0E0C  20 20 20 20 20 20			db	'                        ', 0Dh, 0Ah
944F:0E12  20 20 20 20 20 20
944F:0E18  20 20 20 20 20 20
944F:0E1E  20 20 20 20 20 20
944F:0E24  0D 0A
944F:0E26  20 20 20 20 20 20			db	'                                '
944F:0E2C  20 20 20 20 20 20
944F:0E32  20 20 20 20 20 20
944F:0E38  20 20 20 20 20 20
944F:0E3E  20 20 20 20 20 20
944F:0E44  20 20
944F:0E46  20 20 20 20 20 20			db	'                                '
944F:0E4C  20 20 20 20 20 20
944F:0E52  20 20 20 20 20 20
944F:0E58  20 20 20 20 20 20
944F:0E5E  20 20 20 20 20 20
944F:0E64  20 20
944F:0E66  0D 0A 20 20 20 20			db	0Dh, 0Ah, '                      '
944F:0E6C  20 20 20 20 20 20
944F:0E72  20 20 20 20 20 20
944F:0E78  20 20 20 20 20 20
944F:0E7E  20 20 20 20 20 20			db	'                                '
944F:0E84  20 20 20 20 20 20
944F:0E8A  20 20 20 20 20 20
944F:0E90  20 20 20 20 20 20
944F:0E96  20 20 20 20 20 20
944F:0E9C  20 20
944F:0E9E  20 20 20 20 20 20			db	'          ', 0Dh, 0Ah, '        '
944F:0EA4  20 20 20 20 0D 0A
944F:0EAA  20 20 20 20 20 20
944F:0EB0  20 20
944F:0EB2  20 20 20 20 20 20			db	'                                '
944F:0EB8  20 20 20 20 20 20
944F:0EBE  20 20 20 20 20 20
944F:0EC4  20 20 20 20 20 20
944F:0ECA  20 20 20 20 20 20
           m.lst            33	 C0  8E  D0  BC  00  7C  FB	Sourcer	v7.00   10-Oct-98  10:42 pm   Page 13

944F:0ED0  20 20
944F:0ED2  20 20 20 20 20 20			db	'                        ', 0Dh, 0Ah
944F:0ED8  20 20 20 20 20 20
944F:0EDE  20 20 20 20 20 20
944F:0EE4  20 20 20 20 20 20
944F:0EEA  0D 0A
944F:0EEC  20 20 20 20 20 20			db	'                                '
944F:0EF2  20 20 20 20 20 20
944F:0EF8  20 20 20 20 20 20
944F:0EFE  20 20 20 20 20 20
944F:0F04  20 20 20 20 20 20
944F:0F0A  20 20
944F:0F0C  20 20 20 20 20 20			db	'                                '
944F:0F12  20 20 20 20 20 20
944F:0F18  20 20 20 20 20 20
944F:0F1E  20 20 20 20 20 20
944F:0F24  20 20 20 20 20 20
944F:0F2A  20 20
944F:0F2C  0D 0A 20 20 20 20			db	0Dh, 0Ah, '                      '
944F:0F32  20 20 20 20 20 20
944F:0F38  20 20 20 20 20 20
944F:0F3E  20 20 20 20 20 20
944F:0F44  20 20 20 20 20 20			db	'                                '
944F:0F4A  20 20 20 20 20 20
944F:0F50  20 20 20 20 20 20
944F:0F56  20 20 20 20 20 20
944F:0F5C  20 20 20 20 20 20
944F:0F62  20 20
944F:0F64  20 20 20 20 20 20			db	'          ', 0Dh, 0Ah, '        '
944F:0F6A  20 20 20 20 0D 0A
944F:0F70  20 20 20 20 20 20
944F:0F76  20 20
944F:0F78  20 20 20 20 20 20			db	'                                '
944F:0F7E  20 20 20 20 20 20
944F:0F84  20 20 20 20 20 20
944F:0F8A  20 20 20 20 20 20
944F:0F90  20 20 20 20 20 20
944F:0F96  20 20
944F:0F98  20 20 20 20 20 20			db	'                        ', 0Dh, 0Ah
944F:0F9E  20 20 20 20 20 20
944F:0FA4  20 20 20 20 20 20
944F:0FAA  20 20 20 20 20 20
944F:0FB0  0D 0A
944F:0FB2  20 20 20 20 20 20			db	'                                '
944F:0FB8  20 20 20 20 20 20
944F:0FBE  20 20 20 20 20 20
944F:0FC4  20 20 20 20 20 20
944F:0FCA  20 20 20 20 20 20
944F:0FD0  20 20
944F:0FD2  20 20 20 20 20 20			db	'                                '
944F:0FD8  20 20 20 20 20 20
944F:0FDE  20 20 20 20 20 20
944F:0FE4  20 20 20 20 20 20
944F:0FEA  20 20 20 20 20 20
944F:0FF0  20 20
944F:0FF2  0D 0A 20 20 20 20			db	0Dh, 0Ah, '                      '
944F:0FF8  20 20 20 20 20 20
           m.lst            33	 C0  8E  D0  BC  00  7C  FB	Sourcer	v7.00   10-Oct-98  10:42 pm   Page 14

944F:0FFE  20 20 20 20 20 20
944F:1004  20 20 20 20 20 20
944F:100A  20 20 20 20 20 20			db	'                                '
944F:1010  20 20 20 20 20 20
944F:1016  20 20 20 20 20 20
944F:101C  20 20 20 20 20 20
944F:1022  20 20 20 20 20 20
944F:1028  20 20
944F:102A  20 20 20 20 20 20			db	'          ', 0Dh, 0Ah, '        '
944F:1030  20 20 20 20 0D 0A
944F:1036  20 20 20 20 20 20
944F:103C  20 20
944F:103E  20 20 20 20 20 20			db	'                                '
944F:1044  20 20 20 20 20 20
944F:104A  20 20 20 20 20 20
944F:1050  20 20 20 20 20 20
944F:1056  20 20 20 20 20 20
944F:105C  20 20
944F:105E  20 20 20 20 20 20			db	'                        ', 0Dh, 0Ah
944F:1064  20 20 20 20 20 20
944F:106A  20 20 20 20 20 20
944F:1070  20 20 20 20 20 20
944F:1076  0D 0A
944F:1078  20 20 20 20 20 20			db	'                                '
944F:107E  20 20 20 20 20 20
944F:1084  20 20 20 20 20 20
944F:108A  20 20 20 20 20 20
944F:1090  20 20 20 20 20 20
944F:1096  20 20
944F:1098  20 20 20 20 20 20			db	'                                '
944F:109E  20 20 20 20 20 20
944F:10A4  20 20 20 20 20 20
944F:10AA  20 20 20 20 20 20
944F:10B0  20 20 20 20 20 20
944F:10B6  20 20
944F:10B8  0D 0A 20 20 20 20			db	0Dh, 0Ah, '                      '
944F:10BE  20 20 20 20 20 20
944F:10C4  20 20 20 20 20 20
944F:10CA  20 20 20 20 20 20
944F:10D0  20 20 20 20 20 20			db	'                                '
944F:10D6  20 20 20 20 20 20
944F:10DC  20 20 20 20 20 20
944F:10E2  20 20 20 20 20 20
944F:10E8  20 20 20 20 20 20
944F:10EE  20 20
944F:10F0  20 20 20 20 20 20			db	'          ', 0Dh, 0Ah, '        '
944F:10F6  20 20 20 20 0D 0A
944F:10FC  20 20 20 20 20 20
944F:1102  20 20
944F:1104  20 20 20 20 20 20			db	'                                '
944F:110A  20 20 20 20 20 20
944F:1110  20 20 20 20 20 20
944F:1116  20 20 20 20 20 20
944F:111C  20 20 20 20 20 20
944F:1122  20 20
944F:1124  20 20 20 20 20 20			db	'                        ', 0Dh, 0Ah
944F:112A  20 20 20 20 20 20
           m.lst            33	 C0  8E  D0  BC  00  7C  FB	Sourcer	v7.00   10-Oct-98  10:42 pm   Page 15

944F:1130  20 20 20 20 20 20
944F:1136  20 20 20 20 20 20
944F:113C  0D 0A
944F:113E  20 20 20 20 20 20			db	'                                '
944F:1144  20 20 20 20 20 20
944F:114A  20 20 20 20 20 20
944F:1150  20 20 20 20 20 20
944F:1156  20 20 20 20 20 20
944F:115C  20 20
944F:115E  20 20 20 20 20 20			db	'                                '
944F:1164  20 20 20 20 20 20
944F:116A  20 20 20 20 20 20
944F:1170  20 20 20 20 20 20
944F:1176  20 20 20 20 20 20
944F:117C  20 20
944F:117E  0D 0A				db	0Dh, 0Ah

				m		endp

				seg_a		ends



						end	start
           m.lst            33	 C0  8E  D0  BC  00  7C  FB	Sourcer	v7.00   10-Oct-98  10:42 pm   Page 16


				±±±±±±±±±±±±±±±±±±±± CROSS REFERENCE - KEY ENTRY POINTS ±±±±±±±±±±±±±±±±±±±

				    seg:off    type	   label
				   ---- ----   ----   --------------------------------
				   944F:0100   far    start

				 ±±±±±±±±±±±±±±±±±± Interrupt Usage Synopsis ±±±±±±±±±±±±±±±±±±

				        No Interrupts used.

				 ±±±±±±±±±±±±±±±±±± I/O Port Usage Synopsis  ±±±±±±±±±±±±±±±±±±

				        No I/O ports used.

